<?xml version="1.0" encoding="UTF-8"?>
<!-- Generated by org.testng.reporters.JUnitReportReporter -->
<testsuite hostname="ROOPARUN" failures="0" tests="4" name="test.TC_004_InvalidLoginTest" time="69.109" errors="0" timestamp="2025-04-28T23:10:44 IST" skipped="0">
  <testcase classname="test.TC_004_InvalidLoginTest" name="ValidateInvalidLogin" time="14.912"/>
  <testcase classname="test.TC_004_InvalidLoginTest" name="ValidateInvalidLogin" time="38.211"/>
  <testcase classname="test.TC_004_InvalidLoginTest" name="ValidateInvalidLogin" time="7.734"/>
  <testcase classname="test.TC_004_InvalidLoginTest" name="ValidateInvalidLogin" time="8.252"/>
</testsuite> <!-- test.TC_004_InvalidLoginTest -->
