<?xml version="1.0" encoding="UTF-8"?>
<!-- Generated by org.testng.reporters.JUnitReportReporter -->
<testsuite hostname="ROOPARUN" failures="0" tests="5" name="test.TC_002_InvalidRegisterDataTest" time="218.336" errors="0" timestamp="2025-04-28T23:10:44 IST" skipped="0">
  <testcase classname="test.TC_002_InvalidRegisterDataTest" name="ValidRegisterTest" time="46.061"/>
  <testcase classname="test.TC_002_InvalidRegisterDataTest" name="ValidRegisterTest" time="45.367"/>
  <testcase classname="test.TC_002_InvalidRegisterDataTest" name="ValidRegisterTest" time="41.284"/>
  <testcase classname="test.TC_002_InvalidRegisterDataTest" name="ValidRegisterTest" time="41.963"/>
  <testcase classname="test.TC_002_InvalidRegisterDataTest" name="ValidRegisterTest" time="43.661"/>
</testsuite> <!-- test.TC_002_InvalidRegisterDataTest -->
