<?xml version="1.0" encoding="UTF-8"?>
<!-- Generated by org.testng.reporters.JUnitReportReporter -->
<testsuite hostname="ROOPARUN" failures="0" tests="4" name="test.TC_006_SelectHotelsTest" time="127.254" errors="0" timestamp="2025-04-28T23:10:44 IST" skipped="0">
  <testcase classname="test.TC_006_SelectHotelsTest" name="BookingHotelsTest" time="45.896"/>
  <testcase classname="test.TC_006_SelectHotelsTest" name="BookingHotelsTest" time="22.002"/>
  <testcase classname="test.TC_006_SelectHotelsTest" name="BookingHotelsTest" time="30.270"/>
  <testcase classname="test.TC_006_SelectHotelsTest" name="BookingHotelsTest" time="29.086"/>
</testsuite> <!-- test.TC_006_SelectHotelsTest -->
