<?xml version="1.0" encoding="UTF-8"?>
<!-- Generated by org.testng.reporters.JUnitReportReporter -->
<testsuite hostname="ROOPARUN" failures="0" tests="7" name="test.TC_010_ValidateBooking" time="186.901" errors="0" timestamp="2025-04-28T23:10:44 IST" skipped="0">
  <testcase classname="test.TC_010_ValidateBooking" name="BookingHotelsTest" time="30.823"/>
  <testcase classname="test.TC_010_ValidateBooking" name="BookingHotelsTest" time="18.040"/>
  <testcase classname="test.TC_010_ValidateBooking" name="BookingHotelsTest" time="25.635"/>
  <testcase classname="test.TC_010_ValidateBooking" name="BookingHotelsTest" time="29.076"/>
  <testcase classname="test.TC_010_ValidateBooking" name="BookingHotelsTest" time="32.907"/>
  <testcase classname="test.TC_010_ValidateBooking" name="BookingHotelsTest" time="23.358"/>
  <testcase classname="test.TC_010_ValidateBooking" name="BookingHotelsTest" time="27.062"/>
</testsuite> <!-- test.TC_010_ValidateBooking -->
