<?xml version="1.0" encoding="UTF-8"?>
<!-- Generated by org.testng.reporters.JUnitReportReporter -->
<testsuite hostname="ROOPARUN" failures="0" tests="1" name="test.TC_003_ValidLoginTest" time="35.529" errors="0" timestamp="2025-04-28T23:10:44 IST" skipped="0">
  <testcase classname="test.TC_003_ValidLoginTest" name="ValidateLogin" time="35.529"/>
</testsuite> <!-- test.TC_003_ValidLoginTest -->
